<?xml version="1.0" encoding="UTF-8"?>
<testsuite xmlns:xsi="http://www.w3.org/2001/XMLSchema-instance" xsi:noNamespaceSchemaLocation="https://maven.apache.org/surefire/maven-surefire-plugin/xsd/surefire-test-report-3.0.xsd" version="3.0" name="com.reto.onomatopoeia.AnimalFactoryTest" time="0.668" tests="15" errors="0" skipped="0" failures="0">
  <properties>
[...]
</properties>
  <testcase name="testCrearAnimalExistente_Patos" classname="com.reto.onomatopoeia.AnimalFactoryTest" time="0.056"/>
  <testcase name="testAnimalConstructor" classname="com.reto.onomatopoeia.AnimalFactoryTest" time="0.001"/>
  <testcase name="testBeanCreation" classname="com.reto.onomatopoeia.AnimalFactoryTest" time="0.557"/>
  <testcase name="testOnomatopeiaConstructor" classname="com.reto.onomatopoeia.AnimalFactoryTest" time="0.001"/>
  <testcase name="testCrearAnimalConNombreMixto" classname="com.reto.onomatopoeia.AnimalFactoryTest" time="0.001"/>
  <testcase name="testCrearAnimalConNombreVacio" classname="com.reto.onomatopoeia.AnimalFactoryTest" time="0"/>
  <testcase name="testCrearAnimalesDesdeInput" classname="com.reto.onomatopoeia.AnimalFactoryTest" time="0.002"/>
  <testcase name="testCrearAnimalExistente_Perros" classname="com.reto.onomatopoeia.AnimalFactoryTest" time="0.001"/>
  <testcase name="testSettersAndGetters" classname="com.reto.onomatopoeia.AnimalFactoryTest" time="0.001"/>
  <testcase name="testGetType" classname="com.reto.onomatopoeia.AnimalFactoryTest" time="0"/>
  <testcase name="testCrearAnimalNoExistente" classname="com.reto.onomatopoeia.AnimalFactoryTest" time="0.001"/>
  <testcase name="testProcesarAnimales" classname="com.reto.onomatopoeia.AnimalFactoryTest" time="0.01"/>
  <testcase name="testMainWithoutArguments" classname="com.reto.onomatopoeia.AnimalFactoryTest" time="0.001"/>
  <testcase name="testCrearAnimalConNombreEnMayusculas" classname="com.reto.onomatopoeia.AnimalFactoryTest" time="0.001"/>
  <testcase name="testCrearAnimalExistente_Ballenas" classname="com.reto.onomatopoeia.AnimalFactoryTest" time="0"/>
</testsuite>